Arguments: 
  C:\Program Files\nodejs\node.exe C:\Program Files (x86)\Yarn\bin\yarn.js add @progress/kendo-all

PATH: 
  C:\Program Files\ConEmu\ConEmu\Scripts;C:\Program Files\ConEmu;C:\Program Files\ConEmu\ConEmu;C:\Program Files (x86)\Common Files\Oracle\Java\javapath;C:\Program Files\Broadcom\Broadcom 802.11 Network Adapter;C:\WINDOWS\system32;C:\WINDOWS;C:\WINDOWS\System32\Wbem;C:\WINDOWS\System32\WindowsPowerShell\v1.0\;C:\Program Files\Git\cmd;C:\WINDOWS\system32\config\systemprofile\.dnx\bin;C:\Program Files\Microsoft DNX\Dnvm\;C:\Program Files\Microsoft SQL Server\130\Tools\Binn\;C:\WINDOWS\System32\OpenSSH\;C:\Program Files\Java\jdk1.8.0_211\bin;C:\Users\sameer\AppData\Roaming\nvm;C:\Program Files\nodejs;C:\Program Files (x86)\Yarn\bin\;C:\Users\sameer\AppData\Local\Programs\Python\Python37\Scripts\;C:\Users\sameer\AppData\Local\Programs\Python\Python37\;C:\Ruby26-x64\bin;C:\Users\sameer\AppData\Local\Microsoft\WindowsApps;C:\Users\sameer\AppData\Roaming\npm;C:\Users\sameer\AppData\Local\Programs\Microsoft VS Code\bin;C:\Users\sameer\IDE\sam;C:\Users\sameer\AppData\Roaming\nvm;C:\Program Files\nodejs;C:\Users\sameer\gradle-5.5.1\bin;C:\Users\sameer\AppData\Local\Yarn\bin

Yarn version: 
  1.17.3

Node version: 
  10.16.0

Platform: 
  win32 x64

Trace: 
  Error: https://registry.yarnpkg.com/@progress%2fkendo-all: Not found
      at Request.params.callback [as _callback] (C:\Program Files (x86)\Yarn\lib\cli.js:65939:18)
      at Request.self.callback (C:\Program Files (x86)\Yarn\lib\cli.js:140464:22)
      at Request.emit (events.js:198:13)
      at Request.<anonymous> (C:\Program Files (x86)\Yarn\lib\cli.js:141436:10)
      at Request.emit (events.js:198:13)
      at IncomingMessage.<anonymous> (C:\Program Files (x86)\Yarn\lib\cli.js:141358:12)
      at Object.onceWrapper (events.js:286:20)
      at IncomingMessage.emit (events.js:203:15)
      at endReadableNT (_stream_readable.js:1129:12)
      at process._tickCallback (internal/process/next_tick.js:63:19)

npm manifest: 
  {
    "name": "1783980001",
    "version": "1.0.0",
    "main": "index.js",
    "license": "MIT",
    "dependencies": {
      "@progress/kendo-ui": "^2019.2.724"
    }
  }

yarn manifest: 
  No manifest

Lockfile: 
  # THIS IS AN AUTOGENERATED FILE. DO NOT EDIT THIS FILE DIRECTLY.
  # yarn lockfile v1
  
  
  "@progress/kendo-ui@^2019.2.724":
    version "2019.2.724"
    resolved "https://registry.yarnpkg.com/@progress/kendo-ui/-/kendo-ui-2019.2.724.tgz#fac30edee75e652e30983fc4707afcedd2c63ede"
    integrity sha512-fpTFkiSGl8CeXvdqsaiOWiYAjrGwgOcOcn8Lr9kN5k1YyBmwsiBjmYsVKRzXf6OkydnAq8/dWOwub63OXio83A==
    dependencies:
      jquery "<=3"
  
  jquery@<=3:
    version "3.4.1"
    resolved "https://registry.yarnpkg.com/jquery/-/jquery-3.4.1.tgz#714f1f8d9dde4bdfa55764ba37ef214630d80ef2"
    integrity sha512-36+AdBzCL+y6qjw5Tx7HgzeGCzC81MDDgaUP8ld2zhx58HdqXGoBd+tHdrBMiyjGQs0Hxs/MLZTu/eHNJJuWPw==
